<?xml version="1.0" encoding="UTF-8"?>
<!-- Generated by org.testng.reporters.JUnitReportReporter -->
<testsuite skipped="0" hostname="Pradeep-PC" name="Tests.Login" tests="1" failures="0" timestamp="10 Dec 2019 18:29:26 GMT" time="0.036" errors="0">
  <testcase name="f" time="0.036" classname="Tests.Login"/>
</testsuite> <!-- Tests.Login -->
