<?xml version="1.0" encoding="UTF-8"?>
<!-- Generated by org.testng.reporters.JUnitReportReporter -->
<testsuite skipped="0" hostname="Pradeep-PC" name="TestNG" tests="2" failures="0" timestamp="03 Dec 2019 17:32:49 GMT" time="0.011" errors="0">
  <testcase name="f" time="0.009" classname="TestNG"/>
  <testcase name="f" time="0.002" classname="TestNG"/>
</testsuite> <!-- TestNG -->
