<?xml version="1.0" encoding="UTF-8"?>
<!-- Generated by org.testng.reporters.JUnitReportReporter -->
<testsuite skipped="0" hostname="Pradeep-PC" name="tests.Smoke" tests="2" failures="0" timestamp="12 Jan 2020 17:07:06 GMT" time="417.190" errors="0">
  <testcase name="SMOKE_3" time="116.717" classname="tests.Smoke"/>
  <testcase name="SMOKE_4" time="300.473" classname="tests.Smoke"/>
</testsuite> <!-- tests.Smoke -->
