<?xml version="1.0" encoding="UTF-8"?>
<!-- Generated by org.testng.reporters.JUnitReportReporter -->
<testsuite skipped="0" hostname="Pradeep-PC" name="tests.Regression" tests="1" failures="0" timestamp="25 Jan 2020 08:02:40 GMT" time="327.933" errors="0">
  <testcase name="run" time="327.933" classname="tests.Regression"/>
</testsuite> <!-- tests.Regression -->
