<?xml version="1.0" encoding="UTF-8"?>
<!-- Generated by org.testng.reporters.JUnitReportReporter -->
<testsuite skipped="0" hostname="Pradeep-PC" name="tests.Regression" tests="1" failures="0" timestamp="12 Jan 2020 16:34:14 GMT" time="201.484" errors="0">
  <testcase name="run" time="201.484" classname="tests.Regression"/>
</testsuite> <!-- tests.Regression -->
