<?xml version="1.0" encoding="UTF-8"?>
<!-- Generated by org.testng.reporters.JUnitReportReporter -->
<testsuite skipped="0" hostname="Pradeep-PC" name="tests.Regression" tests="1" failures="0" timestamp="26 Jan 2020 12:43:15 GMT" time="343.655" errors="0">
  <testcase name="run" time="343.655" classname="tests.Regression"/>
</testsuite> <!-- tests.Regression -->
