<?xml version="1.0" encoding="UTF-8"?>
<!-- Generated by org.testng.reporters.JUnitReportReporter -->
<testsuite skipped="0" hostname="Pradeep-PC" name="tests.Regression" tests="1" failures="0" timestamp="24 Jan 2020 13:14:14 GMT" time="288.438" errors="0">
  <testcase name="run" time="288.438" classname="tests.Regression"/>
</testsuite> <!-- tests.Regression -->
