<?xml version="1.0" encoding="UTF-8"?>
<!-- Generated by org.testng.reporters.JUnitReportReporter -->
<testsuite skipped="0" hostname="Pradeep-PC" name="tests.Smoke" tests="1" failures="0" timestamp="07 Jan 2020 17:28:49 GMT" time="89.746" errors="0">
  <testcase name="run" time="89.746" classname="tests.Smoke"/>
</testsuite> <!-- tests.Smoke -->
