<?xml version="1.0" encoding="UTF-8"?>
<!-- Generated by org.testng.reporters.JUnitReportReporter -->
<testsuite skipped="0" hostname="Pradeep-PC" name="com.star.suites.Regression" tests="1" failures="0" timestamp="2020-10-09T18:22:40 IST" time="540.123" errors="0">
  <testcase name="run" time="540.123" classname="com.star.suites.Regression"/>
  <system-out/>
</testsuite> <!-- com.star.suites.Regression -->
